
####################

[ERROR] 2016-11-05 12:20:43 
main()
java.lang.NullPointerException
	at excel.ExcelUtil.getSheetList(ExcelUtil.java:213)
	at excel.ExcelUtil.readFirstSheet(ExcelUtil.java:148)
	at test.Test.main(Test.java:22)

####################

[ERROR] 2016-11-05 12:21:46 
main()
java.lang.NullPointerException
	at excel.ExcelUtil.getSheetList(ExcelUtil.java:213)
	at excel.ExcelUtil.readFirstSheet(ExcelUtil.java:148)
	at test.Test.main(Test.java:22)

####################

[ERROR] 2016-11-05 12:29:55 
main()
java.lang.IllegalArgumentException: 文件不是Excel文件
	at excel.ExcelUtil.<init>(ExcelUtil.java:92)
	at test.Test.main(Test.java:21)

####################

[ERROR] 2016-11-05 12:30:09 
main()
java.lang.IllegalArgumentException: 文件不是Excel文件
	at excel.ExcelUtil.<init>(ExcelUtil.java:92)
	at test.Test.main(Test.java:21)

####################

[ERROR] 2016-11-05 12:30:57 
main()
java.lang.NullPointerException
	at excel.SheetBean.addRow(SheetBean.java:36)
	at excel.ExcelUtil.readRows(ExcelUtil.java:261)
	at excel.ExcelUtil.readAllRows(ExcelUtil.java:248)
	at excel.ExcelUtil.readFirstSheet(ExcelUtil.java:151)
	at test.Test.main(Test.java:22)

####################

[ERROR] 2016-11-05 12:33:56 
main()
java.lang.NullPointerException
	at test.Test.main(Test.java:28)

####################

[ERROR] 2016-11-05 12:39:24 
main()
java.lang.NullPointerException
	at test.Test.main(Test.java:33)

####################

[ERROR] 2016-11-05 12:44:56 
main()
java.lang.IllegalStateException: Cannot get a STRING value from a NUMERIC cell
	at org.apache.poi.hssf.usermodel.HSSFCell.typeMismatch(HSSFCell.java:655)
	at org.apache.poi.hssf.usermodel.HSSFCell.getRichStringCellValue(HSSFCell.java:732)
	at org.apache.poi.hssf.usermodel.HSSFCell.getStringCellValue(HSSFCell.java:715)
	at test.Test.main(Test.java:35)

####################

[ERROR] 2016-11-05 12:59:10 
main()
java.lang.IllegalStateException: Cannot get a STRING value from a NUMERIC cell
	at org.apache.poi.hssf.usermodel.HSSFCell.typeMismatch(HSSFCell.java:655)
	at org.apache.poi.hssf.usermodel.HSSFCell.getRichStringCellValue(HSSFCell.java:732)
	at org.apache.poi.hssf.usermodel.HSSFCell.getStringCellValue(HSSFCell.java:715)
	at test.Test.main(Test.java:35)

####################

[ERROR] 2016-11-05 13:49:01 
main()
java.lang.IllegalStateException: Cannot get a STRING value from a NUMERIC cell
	at org.apache.poi.hssf.usermodel.HSSFCell.typeMismatch(HSSFCell.java:655)
	at org.apache.poi.hssf.usermodel.HSSFCell.getRichStringCellValue(HSSFCell.java:732)
	at org.apache.poi.hssf.usermodel.HSSFCell.getStringCellValue(HSSFCell.java:715)
	at test.Test.main(Test.java:39)

####################

[ERROR] 2016-11-05 13:50:56 
main()
java.lang.IllegalStateException: Cannot get a STRING value from a NUMERIC cell
	at org.apache.poi.hssf.usermodel.HSSFCell.typeMismatch(HSSFCell.java:655)
	at org.apache.poi.hssf.usermodel.HSSFCell.getRichStringCellValue(HSSFCell.java:732)
	at org.apache.poi.hssf.usermodel.HSSFCell.getStringCellValue(HSSFCell.java:715)
	at test.Test.main(Test.java:40)

####################

[ERROR] 2016-11-05 14:05:23 
main()
java.lang.IllegalStateException: Cannot get a STRING value from a NUMERIC cell
	at org.apache.poi.hssf.usermodel.HSSFCell.typeMismatch(HSSFCell.java:655)
	at org.apache.poi.hssf.usermodel.HSSFCell.getRichStringCellValue(HSSFCell.java:732)
	at org.apache.poi.hssf.usermodel.HSSFCell.getStringCellValue(HSSFCell.java:715)
	at test.Test.main(Test.java:40)

####################

[ERROR] 2016-11-05 14:29:19 
main()
java.lang.IllegalStateException: Cannot get a STRING value from a NUMERIC cell
	at org.apache.poi.hssf.usermodel.HSSFCell.typeMismatch(HSSFCell.java:655)
	at org.apache.poi.hssf.usermodel.HSSFCell.getRichStringCellValue(HSSFCell.java:732)
	at org.apache.poi.hssf.usermodel.HSSFCell.getStringCellValue(HSSFCell.java:715)
	at test.Test.main(Test.java:42)

####################

[ERROR] 2016-11-05 14:30:56 
main()
java.lang.NullPointerException
	at test.Test.main(Test.java:42)

####################

[ERROR] 2016-11-05 14:33:47 
main()
java.lang.IllegalStateException: Cannot get a STRING value from a NUMERIC cell
	at org.apache.poi.hssf.usermodel.HSSFCell.typeMismatch(HSSFCell.java:655)
	at org.apache.poi.hssf.usermodel.HSSFCell.getRichStringCellValue(HSSFCell.java:732)
	at org.apache.poi.hssf.usermodel.HSSFCell.getStringCellValue(HSSFCell.java:715)
	at test.Test.main(Test.java:43)

####################

[ERROR] 2016-11-05 17:33:35 
main()
java.lang.NullPointerException
	at excel.SheetBean.getOneRowAllCells(SheetBean.java:66)
	at test.Test.main(Test.java:31)

####################

[ERROR] 2016-11-05 20:52:12 
main()
java.lang.IndexOutOfBoundsException: Index: 2, Size: 1
	at java.util.ArrayList.rangeCheck(Unknown Source)
	at java.util.ArrayList.get(Unknown Source)
	at excel.SheetBean.getRowAt(SheetBean.java:52)
	at test.Test.main(Test.java:50)

####################

[ERROR] 2016-11-06 15:46:20 
main()
java.lang.IndexOutOfBoundsException: Index: 2, Size: 1
	at java.util.ArrayList.rangeCheck(Unknown Source)
	at java.util.ArrayList.get(Unknown Source)
	at test.Test.sheet4(Test.java:53)
	at test.Test.main(Test.java:34)

####################

[ERROR] 2016-11-06 15:52:17 
main()
java.lang.IndexOutOfBoundsException: Index: 2, Size: 1
	at java.util.ArrayList.rangeCheck(Unknown Source)
	at java.util.ArrayList.get(Unknown Source)
	at test.Test.dateFormat(Test.java:51)
	at test.Test.main(Test.java:32)

####################

[ERROR] 2016-11-06 16:52:38 
main()
java.lang.IllegalArgumentException: title值不存在
	at excel.SheetBean.getRowListByArg(SheetBean.java:106)
	at test.Test.test(Test.java:107)
	at test.Test.main(Test.java:36)
